<?xml version="1.0" encoding="UTF-8"?>
<!-- Generated by org.testng.reporters.JUnitXMLReporter -->
<testsuite ignored="4" hostname="Fadi-Abuaita" failures="0" tests="1" name="Default test" time="7.593" errors="0" timestamp="2026-06-03T21:24:23 IDT">
  <testcase classname="solo.fadi.imdb_automation_project.SearchWorkflowTest" name="testInvalidSearchQuery" time="4.394"/>
  <testcase classname="solo.fadi.imdb_automation_project.SearchWorkflowTest" name="testSpecialCharacterSearch" time="0.0">
    <ignored/>
  </testcase> <!-- testSpecialCharacterSearch -->
  <testcase classname="solo.fadi.imdb_automation_project.SearchWorkflowTest" name="testCaseInsensitiveSearch" time="0.0">
    <ignored/>
  </testcase> <!-- testCaseInsensitiveSearch -->
  <testcase classname="solo.fadi.imdb_automation_project.SearchWorkflowTest" name="testPartialKeywordSearch" time="0.0">
    <ignored/>
  </testcase> <!-- testPartialKeywordSearch -->
  <testcase classname="solo.fadi.imdb_automation_project.SearchWorkflowTest" name="testHappyPathSearch" time="0.0">
    <ignored/>
  </testcase> <!-- testHappyPathSearch -->
</testsuite> <!-- Default test -->
