<?xml version="1.0" encoding="UTF-8"?>
<!-- Generated by org.testng.reporters.JUnitXMLReporter -->
<testsuite ignored="0" hostname="Fadi-Abuaita" failures="0" tests="10" name="Workflow Executions" time="93.887" errors="0" timestamp="2026-06-04T22:09:06 IDT">
  <testcase classname="solo.fadi.imdb_automation_project.ChartSortingWorkflowTest" name="testReleaseDateSorting" time="9.902"/>
  <testcase classname="solo.fadi.imdb_automation_project.ChartSortingWorkflowTest" name="testGridRowCompleteness" time="6.291"/>
  <testcase classname="solo.fadi.imdb_automation_project.ChartSortingWorkflowTest" name="testAlphabeticalSorting" time="9.513"/>
  <testcase classname="solo.fadi.imdb_automation_project.ChartSortingWorkflowTest" name="testSortDirectionToggle" time="10.379"/>
  <testcase classname="solo.fadi.imdb_automation_project.ChartSortingWorkflowTest" name="testDeepLinkNavigation" time="8.121"/>
  <testcase classname="solo.fadi.imdb_automation_project.SearchWorkflowTest" name="testHappyPathSearch" time="6.459"/>
  <testcase classname="solo.fadi.imdb_automation_project.SearchWorkflowTest" name="testCaseInsensitiveSearch" time="6.411"/>
  <testcase classname="solo.fadi.imdb_automation_project.SearchWorkflowTest" name="testPartialKeywordSearch" time="4.655"/>
  <testcase classname="solo.fadi.imdb_automation_project.SearchWorkflowTest" name="testSpecialCharacterSearch" time="9.179"/>
  <testcase classname="solo.fadi.imdb_automation_project.SearchWorkflowTest" name="testInvalidSearchQuery" time="3.848"/>
</testsuite> <!-- Workflow Executions -->
