<?xml version="1.0" encoding="UTF-8"?>
<!-- Generated by org.testng.reporters.JUnitXMLReporter -->
<testsuite ignored="0" hostname="Fadi-Abuaita" failures="0" tests="10" name="Workflow Executions" time="99.617" errors="0" timestamp="2026-06-04T17:10:58 IDT">
  <testcase classname="solo.fadi.imdb_automation_project.ChartSortingWorkflowTest" name="testReleaseDateSorting" time="11.24"/>
  <testcase classname="solo.fadi.imdb_automation_project.ChartSortingWorkflowTest" name="testGridRowCompleteness" time="5.57"/>
  <testcase classname="solo.fadi.imdb_automation_project.ChartSortingWorkflowTest" name="testAlphabeticalSorting" time="8.588"/>
  <testcase classname="solo.fadi.imdb_automation_project.ChartSortingWorkflowTest" name="testSortDirectionToggle" time="10.114"/>
  <testcase classname="solo.fadi.imdb_automation_project.ChartSortingWorkflowTest" name="testDeepLinkNavigation" time="8.319"/>
  <testcase classname="solo.fadi.imdb_automation_project.SearchWorkflowTest" name="testHappyPathSearch" time="7.294"/>
  <testcase classname="solo.fadi.imdb_automation_project.SearchWorkflowTest" name="testCaseInsensitiveSearch" time="8.345"/>
  <testcase classname="solo.fadi.imdb_automation_project.SearchWorkflowTest" name="testPartialKeywordSearch" time="8.285"/>
  <testcase classname="solo.fadi.imdb_automation_project.SearchWorkflowTest" name="testSpecialCharacterSearch" time="7.147"/>
  <testcase classname="solo.fadi.imdb_automation_project.SearchWorkflowTest" name="testInvalidSearchQuery" time="7.551"/>
</testsuite> <!-- Workflow Executions -->
