<?xml version="1.0" encoding="UTF-8"?>
<testng-results ignored="0" total="1" passed="1" failed="0" skipped="0">
  <reporter-output>
  </reporter-output>
  <suite started-at="2026-06-04T16:54:33 IDT" name="Default suite" finished-at="2026-06-04T16:54:44 IDT" duration-ms="11228">
    <groups>
    </groups>
    <test started-at="2026-06-04T16:54:33 IDT" name="Default test" finished-at="2026-06-04T16:54:44 IDT" duration-ms="11228">
      <class name="solo.fadi.imdb_automation_project.ChartSortingWorkflowTest">
        <test-method is-config="true" signature="setUp()[pri:0, instance:solo.fadi.imdb_automation_project.ChartSortingWorkflowTest@459e9125]" started-at="2026-06-04T16:54:33 IDT" name="setUp" finished-at="2026-06-04T16:54:34 IDT" duration-ms="1241" status="PASS">
          <reporter-output>
          </reporter-output>
        </test-method> <!-- setUp -->
        <test-method signature="testDeepLinkNavigation()[pri:5, instance:solo.fadi.imdb_automation_project.ChartSortingWorkflowTest@459e9125]" started-at="2026-06-04T16:54:34 IDT" name="testDeepLinkNavigation" finished-at="2026-06-04T16:54:44 IDT" duration-ms="9844" status="PASS">
          <reporter-output>
          </reporter-output>
        </test-method> <!-- testDeepLinkNavigation -->
        <test-method is-config="true" signature="tearDown()[pri:0, instance:solo.fadi.imdb_automation_project.ChartSortingWorkflowTest@459e9125]" started-at="2026-06-04T16:54:44 IDT" name="tearDown" finished-at="2026-06-04T16:54:44 IDT" duration-ms="108" status="PASS">
          <reporter-output>
          </reporter-output>
        </test-method> <!-- tearDown -->
      </class> <!-- solo.fadi.imdb_automation_project.ChartSortingWorkflowTest -->
    </test> <!-- Default test -->
  </suite> <!-- Default suite -->
</testng-results>
