<?xml version="1.0" encoding="UTF-8"?>
<!-- Generated by org.testng.reporters.JUnitReportReporter -->
<testsuite hostname="Fadi-Abuaita" failures="0" tests="5" name="solo.fadi.imdb_automation_project.GuestBoxOfficeWorkflowTest" time="24.539" errors="0" timestamp="2026-06-08T03:57:24 IDT" skipped="0">
  <testcase classname="solo.fadi.imdb_automation_project.GuestBoxOfficeWorkflowTest" name="testNavigateToBoxOfficeAndVerifyListLoads" time="5.042"/>
  <testcase classname="solo.fadi.imdb_automation_project.GuestBoxOfficeWorkflowTest" name="testVerifyTopMovieTitleIsPresent" time="4.313"/>
  <testcase classname="solo.fadi.imdb_automation_project.GuestBoxOfficeWorkflowTest" name="testVerifyTopMovieRevenueDataExists" time="4.591"/>
  <testcase classname="solo.fadi.imdb_automation_project.GuestBoxOfficeWorkflowTest" name="testVerifyTopMovieTitleContent" time="4.349"/>
  <testcase classname="solo.fadi.imdb_automation_project.GuestBoxOfficeWorkflowTest" name="testChartDataConsistencyOnRefresh" time="6.244"/>
</testsuite> <!-- solo.fadi.imdb_automation_project.GuestBoxOfficeWorkflowTest -->
