<?xml version="1.0" encoding="UTF-8"?>
<!-- Generated by org.testng.reporters.JUnitReportReporter -->
<testsuite hostname="Fadi-Abuaita" failures="0" tests="5" name="solo.fadi.imdb_automation_project.SearchWorkflowTest" time="42.125" errors="0" timestamp="2026-06-04T22:09:06 IDT" skipped="0">
  <testcase classname="solo.fadi.imdb_automation_project.SearchWorkflowTest" name="testHappyPathSearch" time="8.591"/>
  <testcase classname="solo.fadi.imdb_automation_project.SearchWorkflowTest" name="testCaseInsensitiveSearch" time="8.515"/>
  <testcase classname="solo.fadi.imdb_automation_project.SearchWorkflowTest" name="testPartialKeywordSearch" time="7.470"/>
  <testcase classname="solo.fadi.imdb_automation_project.SearchWorkflowTest" name="testSpecialCharacterSearch" time="11.374"/>
  <testcase classname="solo.fadi.imdb_automation_project.SearchWorkflowTest" name="testInvalidSearchQuery" time="6.175"/>
</testsuite> <!-- solo.fadi.imdb_automation_project.SearchWorkflowTest -->
