<?xml version="1.0" encoding="UTF-8"?>
<!-- Generated by org.testng.reporters.JUnitReportReporter -->
<testsuite hostname="Fadi-Abuaita" failures="0" tests="1" name="solo.fadi.imdb_automation_project.ChartSortingWorkflowTest" time="11.193" errors="0" timestamp="2026-06-04T16:54:44 IDT" skipped="0">
  <testcase classname="solo.fadi.imdb_automation_project.ChartSortingWorkflowTest" name="testDeepLinkNavigation" time="11.193"/>
</testsuite> <!-- solo.fadi.imdb_automation_project.ChartSortingWorkflowTest -->
