<?xml version="1.0" encoding="UTF-8"?>
<!-- Generated by org.testng.reporters.JUnitReportReporter -->
<testsuite hostname="Fadi-Abuaita" failures="0" tests="5" name="solo.fadi.imdb_automation_project.SearchWorkflowTest" time="48.913" errors="0" timestamp="2026-06-04T17:10:58 IDT" skipped="0">
  <testcase classname="solo.fadi.imdb_automation_project.SearchWorkflowTest" name="testHappyPathSearch" time="9.363"/>
  <testcase classname="solo.fadi.imdb_automation_project.SearchWorkflowTest" name="testCaseInsensitiveSearch" time="10.443"/>
  <testcase classname="solo.fadi.imdb_automation_project.SearchWorkflowTest" name="testPartialKeywordSearch" time="10.273"/>
  <testcase classname="solo.fadi.imdb_automation_project.SearchWorkflowTest" name="testSpecialCharacterSearch" time="9.207"/>
  <testcase classname="solo.fadi.imdb_automation_project.SearchWorkflowTest" name="testInvalidSearchQuery" time="9.627"/>
</testsuite> <!-- solo.fadi.imdb_automation_project.SearchWorkflowTest -->
